[debug] [2020-09-12T14:01:11.679Z] ----------------------------------------------------------------------
[debug] [2020-09-12T14:01:11.682Z] Command:       C:\Program Files\nodejs\node.exe C:\Users\Admin\AppData\Roaming\npm\node_modules\firebase-tools\lib\bin\firebase.js init
[debug] [2020-09-12T14:01:11.682Z] CLI Version:   8.10.0
[debug] [2020-09-12T14:01:11.682Z] Platform:      win32
[debug] [2020-09-12T14:01:11.682Z] Node Version:  v12.18.2
[debug] [2020-09-12T14:01:11.684Z] Time:          Sat Sep 12 2020 16:01:11 GMT+0200 (GMT+02:00)
[debug] [2020-09-12T14:01:11.685Z] ----------------------------------------------------------------------
[debug] [2020-09-12T14:01:11.685Z] 
[debug] [2020-09-12T14:01:11.695Z] > command requires scopes: ["email","openid","https://www.googleapis.com/auth/cloudplatformprojects.readonly","https://www.googleapis.com/auth/firebase","https://www.googleapis.com/auth/cloud-platform"]
[debug] [2020-09-12T14:01:11.696Z] > authorizing via signed-in user
[info] 
     ######## #### ########  ######## ########     ###     ######  ########
     ##        ##  ##     ## ##       ##     ##  ##   ##  ##       ##
     ######    ##  ########  ######   ########  #########  ######  ######
     ##        ##  ##    ##  ##       ##     ## ##     ##       ## ##
     ##       #### ##     ## ######## ########  ##     ##  ######  ########

You're about to initialize a Firebase project in this directory:

  E:\VisualStudio\Netflix-clone\Netflix

[info] 
=== Project Setup
[info] 
[info] First, let's associate this project directory with a Firebase project.
[info] You can create multiple project aliases by running firebase use --add, 
[info] but for now we'll just set up a default project.
[info] 
[info] i  If you want to create a project in a Google Cloud organization or folder, please use "firebase projects:create" instead, and return to this command when you've created the project. 
[debug] [2020-09-12T14:02:11.185Z] ----------------------------------------------------------------------
[debug] [2020-09-12T14:02:11.188Z] Command:       C:\Program Files\nodejs\node.exe C:\Users\Admin\AppData\Roaming\npm\node_modules\firebase-tools\lib\bin\firebase.js init
[debug] [2020-09-12T14:02:11.188Z] CLI Version:   8.10.0
[debug] [2020-09-12T14:02:11.188Z] Platform:      win32
[debug] [2020-09-12T14:02:11.188Z] Node Version:  v12.18.2
[debug] [2020-09-12T14:02:11.190Z] Time:          Sat Sep 12 2020 16:02:11 GMT+0200 (GMT+02:00)
[debug] [2020-09-12T14:02:11.190Z] ----------------------------------------------------------------------
[debug] [2020-09-12T14:02:11.191Z] 
[debug] [2020-09-12T14:02:11.200Z] > command requires scopes: ["email","openid","https://www.googleapis.com/auth/cloudplatformprojects.readonly","https://www.googleapis.com/auth/firebase","https://www.googleapis.com/auth/cloud-platform"]
[debug] [2020-09-12T14:02:11.200Z] > authorizing via signed-in user
[info] 
     ######## #### ########  ######## ########     ###     ######  ########
     ##        ##  ##     ## ##       ##     ##  ##   ##  ##       ##
     ######    ##  ########  ######   ########  #########  ######  ######
     ##        ##  ##    ##  ##       ##     ## ##     ##       ## ##
     ##       #### ##     ## ######## ########  ##     ##  ######  ########

You're about to initialize a Firebase project in this directory:

  E:\VisualStudio\Netflix-clone\Netflix

[info] 
=== Project Setup
[info] 
[info] First, let's associate this project directory with a Firebase project.
[info] You can create multiple project aliases by running firebase use --add, 
[info] but for now we'll just set up a default project.
[info] 
[debug] [2020-09-12T14:02:42.203Z] > refreshing access token with scopes: ["email","https://www.googleapis.com/auth/cloud-platform","https://www.googleapis.com/auth/cloudplatformprojects.readonly","https://www.googleapis.com/auth/firebase","openid"]
[debug] [2020-09-12T14:02:42.204Z] >>> HTTP REQUEST POST https://www.googleapis.com/oauth2/v3/token  
 <request body omitted>
[debug] [2020-09-12T14:02:43.650Z] <<< HTTP RESPONSE 200 {"content-type":"application/json; charset=utf-8","vary":"X-Origin, Referer, Origin,Accept-Encoding","date":"Sat, 12 Sep 2020 14:02:44 GMT","server":"scaffolding on HTTPServer2","cache-control":"private","x-xss-protection":"0","x-frame-options":"SAMEORIGIN","x-content-type-options":"nosniff","alt-svc":"h3-29=\":443\"; ma=2592000,h3-27=\":443\"; ma=2592000,h3-T051=\":443\"; ma=2592000,h3-T050=\":443\"; ma=2592000,h3-Q050=\":443\"; ma=2592000,h3-Q046=\":443\"; ma=2592000,h3-Q043=\":443\"; ma=2592000,quic=\":443\"; ma=2592000; v=\"46,43\"","accept-ranges":"none","transfer-encoding":"chunked"}
[debug] [2020-09-12T14:02:43.732Z] >>> HTTP REQUEST GET https://firebase.googleapis.com/v1beta1/projects?pageSize=100  
 
[debug] [2020-09-12T14:02:44.472Z] <<< HTTP RESPONSE 200 {"content-type":"application/json; charset=UTF-8","vary":"X-Origin, Referer, Origin,Accept-Encoding","date":"Sat, 12 Sep 2020 14:02:45 GMT","server":"ESF","cache-control":"private","x-xss-protection":"0","x-frame-options":"SAMEORIGIN","x-content-type-options":"nosniff","alt-svc":"h3-29=\":443\"; ma=2592000,h3-27=\":443\"; ma=2592000,h3-T051=\":443\"; ma=2592000,h3-T050=\":443\"; ma=2592000,h3-Q050=\":443\"; ma=2592000,h3-Q046=\":443\"; ma=2592000,h3-Q043=\":443\"; ma=2592000,quic=\":443\"; ma=2592000; v=\"46,43\"","accept-ranges":"none","transfer-encoding":"chunked"}
[info] i  Using project clone-cfda7 (Amazon-clone) 
[info] 
=== Database Setup
[info] 
[info] Firebase Realtime Database Rules allow you to define how your data should be
[info] structured and when your data can be read from and written to.
[info] 
[debug] [2020-09-12T14:03:17.876Z] ----------------------------------------------------------------------
[debug] [2020-09-12T14:03:17.880Z] Command:       C:\Program Files\nodejs\node.exe C:\Users\Admin\AppData\Roaming\npm\node_modules\firebase-tools\lib\bin\firebase.js init
[debug] [2020-09-12T14:03:17.881Z] CLI Version:   8.10.0
[debug] [2020-09-12T14:03:17.881Z] Platform:      win32
[debug] [2020-09-12T14:03:17.881Z] Node Version:  v12.18.2
[debug] [2020-09-12T14:03:17.883Z] Time:          Sat Sep 12 2020 16:03:17 GMT+0200 (GMT+02:00)
[debug] [2020-09-12T14:03:17.883Z] ----------------------------------------------------------------------
[debug] [2020-09-12T14:03:17.884Z] 
[debug] [2020-09-12T14:03:17.895Z] > command requires scopes: ["email","openid","https://www.googleapis.com/auth/cloudplatformprojects.readonly","https://www.googleapis.com/auth/firebase","https://www.googleapis.com/auth/cloud-platform"]
[debug] [2020-09-12T14:03:17.897Z] > authorizing via signed-in user
[info] 
     ######## #### ########  ######## ########     ###     ######  ########
     ##        ##  ##     ## ##       ##     ##  ##   ##  ##       ##
     ######    ##  ########  ######   ########  #########  ######  ######
     ##        ##  ##    ##  ##       ##     ## ##     ##       ## ##
     ##       #### ##     ## ######## ########  ##     ##  ######  ########

You're about to initialize a Firebase project in this directory:

  E:\VisualStudio\Netflix-clone\Netflix

[debug] [2020-09-12T14:23:46.176Z] ----------------------------------------------------------------------
[debug] [2020-09-12T14:23:46.179Z] Command:       C:\Program Files\nodejs\node.exe C:\Users\Admin\AppData\Roaming\npm\node_modules\firebase-tools\lib\bin\firebase.js init
[debug] [2020-09-12T14:23:46.180Z] CLI Version:   8.10.0
[debug] [2020-09-12T14:23:46.180Z] Platform:      win32
[debug] [2020-09-12T14:23:46.180Z] Node Version:  v12.18.2
[debug] [2020-09-12T14:23:46.186Z] Time:          Sat Sep 12 2020 16:23:46 GMT+0200 (GMT+02:00)
[debug] [2020-09-12T14:23:46.186Z] ----------------------------------------------------------------------
[debug] [2020-09-12T14:23:46.186Z] 
[debug] [2020-09-12T14:23:46.199Z] > command requires scopes: ["email","openid","https://www.googleapis.com/auth/cloudplatformprojects.readonly","https://www.googleapis.com/auth/firebase","https://www.googleapis.com/auth/cloud-platform"]
[debug] [2020-09-12T14:23:46.200Z] > authorizing via signed-in user
[info] 
     ######## #### ########  ######## ########     ###     ######  ########
     ##        ##  ##     ## ##       ##     ##  ##   ##  ##       ##
     ######    ##  ########  ######   ########  #########  ######  ######
     ##        ##  ##    ##  ##       ##     ## ##     ##       ## ##
     ##       #### ##     ## ######## ########  ##     ##  ######  ########

You're about to initialize a Firebase project in this directory:

  E:\VisualStudio\Netflix-clone\Netflix

